2021-08-04 10:39:59.003  INFO 612 --- [main] c.h.autoreport.AutoReportApplication     : Starting AutoReportApplication on DESKTOP-7JBT0VI with PID 612 (D:\Project\Code\JAVA\Auto-Report\target\classes started by HONGRRY in D:\Project\Code\JAVA\Auto-Report)
2021-08-04 10:39:59.006  INFO 612 --- [main] c.h.autoreport.AutoReportApplication     : No active profile set, falling back to default profiles: default
2021-08-04 10:39:59.373  INFO 612 --- [main] trationDelegate$BeanPostProcessorChecker : Bean 'com.dtflys.forest.springboot.ForestAutoConfiguration' of type [com.dtflys.forest.springboot.ForestAutoConfiguration$$EnhancerBySpringCGLIB$$9e34f57e] is not eligible for getting processed by all BeanPostProcessors (for example: not eligible for auto-proxying)
2021-08-04 10:39:59.395  INFO 612 --- [main] trationDelegate$BeanPostProcessorChecker : Bean 'forestConfigurationProperties' of type [com.dtflys.forest.springboot.properties.ForestConfigurationProperties] is not eligible for getting processed by all BeanPostProcessors (for example: not eligible for auto-proxying)
2021-08-04 10:39:59.501  INFO 612 --- [main] trationDelegate$BeanPostProcessorChecker : Bean '(inner bean)#7ec3394b' of type [com.dtflys.forest.interceptor.SpringInterceptorFactory] is not eligible for getting processed by all BeanPostProcessors (for example: not eligible for auto-proxying)
2021-08-04 10:39:59.502  INFO 612 --- [main] trationDelegate$BeanPostProcessorChecker : Bean 'forestConfiguration' of type [com.dtflys.forest.config.ForestConfiguration] is not eligible for getting processed by all BeanPostProcessors (for example: not eligible for auto-proxying)
2021-08-04 10:39:59.507  INFO 612 --- [main] trationDelegate$BeanPostProcessorChecker : Bean 'forestConverterBeanListener' of type [com.dtflys.forest.listener.ConverterBeanListener] is not eligible for getting processed by all BeanPostProcessors (for example: not eligible for auto-proxying)
2021-08-04 10:39:59.522  INFO 612 --- [main] c.d.f.scanner.ClassPathClientScanner     : [Forest] Created Forest Client Bean with name 'ncovClient' and Proxy of 'cn.hongrry.autoreport.client.NcovClient' client interface
2021-08-04 10:39:59.623  INFO 612 --- [main] o.s.s.c.ThreadPoolTaskScheduler          : Initializing ExecutorService 'taskScheduler'
2021-08-04 10:39:59.644  INFO 612 --- [main] c.h.autoreport.AutoReportApplication     : Started AutoReportApplication in 0.932 seconds (JVM running for 1.637)
2021-08-04 10:40:00.018  INFO 612 --- [scheduling-1] c.d.forest.config.ForestConfiguration    : [Forest] Http Backend: okhttp3
2021-08-04 10:40:00.384  INFO 612 --- [scheduling-1] c.d.forest.logging.DefaultLogHandler     : [Forest] Request: 
	GET https://v-xxtb.zust.edu.cn/api/backschool/get_student_school_code?session=WHgvaU83MG1HWjNjT1JpdlVQajFPRzV2a2RYR1Znd2cyQmxvNzdaZmVXRno4cm9ZNkp3bGlPL0s4MnFNQldOK0RteEI3bUROKzlBPQ%3D%3D&student_id=1190113189 HTTPS
2021-08-04 10:40:01.094  INFO 612 --- [scheduling-1] c.d.forest.logging.DefaultLogHandler     : [Forest] Response: Status = 200, Time = 706ms
2021-08-04 10:40:01.118  INFO 612 --- [scheduling-1] c.h.autoreport.scheduler.Scheduler       : session 正常
2021-08-04 10:40:05.015  INFO 612 --- [scheduling-1] c.d.forest.logging.DefaultLogHandler     : [Forest] Request: 
	GET https://v-xxtb.zust.edu.cn/api/backschool/get_student_school_code?session=WHgvaU83MG1HWjNjT1JpdlVQajFPRzV2a2RYR1Znd2cyQmxvNzdaZmVXRno4cm9ZNkp3bGlPL0s4MnFNQldOK0RteEI3bUROKzlBPQ%3D%3D&student_id=1190113189 HTTPS
2021-08-04 10:40:05.473  INFO 612 --- [scheduling-1] c.d.forest.logging.DefaultLogHandler     : [Forest] Response: Status = 200, Time = 456ms
2021-08-04 10:40:05.473  INFO 612 --- [scheduling-1] c.h.autoreport.scheduler.Scheduler       : session 正常
2021-08-04 10:40:10.013  INFO 612 --- [scheduling-1] c.d.forest.logging.DefaultLogHandler     : [Forest] Request: 
	GET https://v-xxtb.zust.edu.cn/api/backschool/get_student_school_code?session=WHgvaU83MG1HWjNjT1JpdlVQajFPRzV2a2RYR1Znd2cyQmxvNzdaZmVXRno4cm9ZNkp3bGlPL0s4MnFNQldOK0RteEI3bUROKzlBPQ%3D%3D&student_id=1190113189 HTTPS
2021-08-04 10:40:10.447  INFO 612 --- [scheduling-1] c.d.forest.logging.DefaultLogHandler     : [Forest] Response: Status = 200, Time = 433ms
2021-08-04 10:40:10.447  INFO 612 --- [scheduling-1] c.h.autoreport.scheduler.Scheduler       : session 正常
2021-08-04 10:40:15.013  INFO 612 --- [scheduling-1] c.d.forest.logging.DefaultLogHandler     : [Forest] Request: 
	GET https://v-xxtb.zust.edu.cn/api/backschool/get_student_school_code?session=WHgvaU83MG1HWjNjT1JpdlVQajFPRzV2a2RYR1Znd2cyQmxvNzdaZmVXRno4cm9ZNkp3bGlPL0s4MnFNQldOK0RteEI3bUROKzlBPQ%3D%3D&student_id=1190113189 HTTPS
2021-08-04 10:40:15.442  INFO 612 --- [scheduling-1] c.d.forest.logging.DefaultLogHandler     : [Forest] Response: Status = 200, Time = 429ms
2021-08-04 10:40:15.444  INFO 612 --- [scheduling-1] c.h.autoreport.scheduler.Scheduler       : session 正常
2021-08-04 12:04:09.440  INFO 10732 --- [main] c.h.autoreport.AutoReportApplication     : Starting AutoReportApplication on DESKTOP-7JBT0VI with PID 10732 (D:\Project\Code\JAVA\Auto-Report\target\classes started by HONGRRY in D:\Project\Code\JAVA\Auto-Report)
2021-08-04 12:04:09.440  INFO 10732 --- [main] c.h.autoreport.AutoReportApplication     : No active profile set, falling back to default profiles: default
2021-08-04 12:04:09.817  INFO 10732 --- [main] trationDelegate$BeanPostProcessorChecker : Bean 'com.dtflys.forest.springboot.ForestAutoConfiguration' of type [com.dtflys.forest.springboot.ForestAutoConfiguration$$EnhancerBySpringCGLIB$$fc1c0b45] is not eligible for getting processed by all BeanPostProcessors (for example: not eligible for auto-proxying)
2021-08-04 12:04:09.847  INFO 10732 --- [main] trationDelegate$BeanPostProcessorChecker : Bean 'forestConfigurationProperties' of type [com.dtflys.forest.springboot.properties.ForestConfigurationProperties] is not eligible for getting processed by all BeanPostProcessors (for example: not eligible for auto-proxying)
2021-08-04 12:04:09.947  INFO 10732 --- [main] trationDelegate$BeanPostProcessorChecker : Bean '(inner bean)#312ab28e' of type [com.dtflys.forest.interceptor.SpringInterceptorFactory] is not eligible for getting processed by all BeanPostProcessors (for example: not eligible for auto-proxying)
2021-08-04 12:04:09.947  INFO 10732 --- [main] trationDelegate$BeanPostProcessorChecker : Bean 'forestConfiguration' of type [com.dtflys.forest.config.ForestConfiguration] is not eligible for getting processed by all BeanPostProcessors (for example: not eligible for auto-proxying)
2021-08-04 12:04:09.947  INFO 10732 --- [main] trationDelegate$BeanPostProcessorChecker : Bean 'forestConverterBeanListener' of type [com.dtflys.forest.listener.ConverterBeanListener] is not eligible for getting processed by all BeanPostProcessors (for example: not eligible for auto-proxying)
2021-08-04 12:04:09.975  INFO 10732 --- [main] c.d.f.scanner.ClassPathClientScanner     : [Forest] Created Forest Client Bean with name 'ncovClient' and Proxy of 'cn.hongrry.autoreport.client.NcovClient' client interface
2021-08-04 12:04:10.056  INFO 10732 --- [main] o.s.s.c.ThreadPoolTaskScheduler          : Initializing ExecutorService 'taskScheduler'
2021-08-04 12:04:10.086  INFO 10732 --- [main] c.h.autoreport.AutoReportApplication     : Started AutoReportApplication in 0.92 seconds (JVM running for 1.612)
2021-08-04 12:04:15.011  INFO 10732 --- [scheduling-1] c.d.forest.config.ForestConfiguration    : [Forest] Http Backend: okhttp3
2021-08-04 12:04:15.353  INFO 10732 --- [scheduling-1] c.d.forest.logging.DefaultLogHandler     : [Forest] Request: 
	GET https://v-xxtb.zust.edu.cn/api/backschool/get_student_school_code?session=WHgvaU83MG1HWjNjT1JpdlVQajFPRzV2a2RYR1Znd2cyQmxvNzdaZmVXRno4cm9ZNkp3bGlPL0s4MnFNQldOK0RteEI3bUROKzlBPQ%3D%3D&student_id=1190113189 HTTPS
2021-08-04 12:04:17.002  INFO 10732 --- [scheduling-1] c.d.forest.logging.DefaultLogHandler     : [Forest] Response: Status = 200, Time = 1646ms
2021-08-04 12:04:17.023  INFO 10732 --- [scheduling-1] c.h.autoreport.scheduler.Scheduler       : session 正常
2021-08-04 12:04:20.006  INFO 10732 --- [scheduling-1] c.d.forest.logging.DefaultLogHandler     : [Forest] Request: 
	GET https://v-xxtb.zust.edu.cn/api/backschool/get_student_school_code?session=WHgvaU83MG1HWjNjT1JpdlVQajFPRzV2a2RYR1Znd2cyQmxvNzdaZmVXRno4cm9ZNkp3bGlPL0s4MnFNQldOK0RteEI3bUROKzlBPQ%3D%3D&student_id=1190113189 HTTPS
2021-08-04 12:04:20.661  INFO 10732 --- [scheduling-1] c.d.forest.logging.DefaultLogHandler     : [Forest] Response: Status = 200, Time = 655ms
2021-08-04 12:04:20.661  INFO 10732 --- [scheduling-1] c.h.autoreport.scheduler.Scheduler       : session 正常
2021-08-04 12:04:25.015  INFO 10732 --- [scheduling-1] c.d.forest.logging.DefaultLogHandler     : [Forest] Request: 
	GET https://v-xxtb.zust.edu.cn/api/backschool/get_student_school_code?session=WHgvaU83MG1HWjNjT1JpdlVQajFPRzV2a2RYR1Znd2cyQmxvNzdaZmVXRno4cm9ZNkp3bGlPL0s4MnFNQldOK0RteEI3bUROKzlBPQ%3D%3D&student_id=1190113189 HTTPS
2021-08-04 12:04:25.668  INFO 10732 --- [scheduling-1] c.d.forest.logging.DefaultLogHandler     : [Forest] Response: Status = 200, Time = 653ms
2021-08-04 12:04:25.668  INFO 10732 --- [scheduling-1] c.h.autoreport.scheduler.Scheduler       : session 正常
2021-08-04 12:04:30.006  INFO 10732 --- [scheduling-1] c.d.forest.logging.DefaultLogHandler     : [Forest] Request: 
	GET https://v-xxtb.zust.edu.cn/api/backschool/get_student_school_code?session=WHgvaU83MG1HWjNjT1JpdlVQajFPRzV2a2RYR1Znd2cyQmxvNzdaZmVXRno4cm9ZNkp3bGlPL0s4MnFNQldOK0RteEI3bUROKzlBPQ%3D%3D&student_id=1190113189 HTTPS
2021-08-04 12:04:30.682  INFO 10732 --- [scheduling-1] c.d.forest.logging.DefaultLogHandler     : [Forest] Response: Status = 200, Time = 675ms
2021-08-04 12:04:30.682  INFO 10732 --- [scheduling-1] c.h.autoreport.scheduler.Scheduler       : session 正常
2021-08-04 12:04:35.006  INFO 10732 --- [scheduling-1] c.d.forest.logging.DefaultLogHandler     : [Forest] Request: 
	GET https://v-xxtb.zust.edu.cn/api/backschool/get_student_school_code?session=WHgvaU83MG1HWjNjT1JpdlVQajFPRzV2a2RYR1Znd2cyQmxvNzdaZmVXRno4cm9ZNkp3bGlPL0s4MnFNQldOK0RteEI3bUROKzlBPQ%3D%3D&student_id=1190113189 HTTPS
2021-08-04 12:04:35.669  INFO 10732 --- [scheduling-1] c.d.forest.logging.DefaultLogHandler     : [Forest] Response: Status = 200, Time = 663ms
2021-08-04 12:04:35.669  INFO 10732 --- [scheduling-1] c.h.autoreport.scheduler.Scheduler       : session 正常
2021-08-04 12:04:43.086  INFO 4516 --- [main] c.h.autoreport.AutoReportApplication     : Starting AutoReportApplication on DESKTOP-7JBT0VI with PID 4516 (D:\Project\Code\JAVA\Auto-Report\target\classes started by HONGRRY in D:\Project\Code\JAVA\Auto-Report)
2021-08-04 12:04:43.086  INFO 4516 --- [main] c.h.autoreport.AutoReportApplication     : No active profile set, falling back to default profiles: default
2021-08-04 12:04:43.450  INFO 4516 --- [main] trationDelegate$BeanPostProcessorChecker : Bean 'com.dtflys.forest.springboot.ForestAutoConfiguration' of type [com.dtflys.forest.springboot.ForestAutoConfiguration$$EnhancerBySpringCGLIB$$ad72f761] is not eligible for getting processed by all BeanPostProcessors (for example: not eligible for auto-proxying)
2021-08-04 12:04:43.483  INFO 4516 --- [main] trationDelegate$BeanPostProcessorChecker : Bean 'forestConfigurationProperties' of type [com.dtflys.forest.springboot.properties.ForestConfigurationProperties] is not eligible for getting processed by all BeanPostProcessors (for example: not eligible for auto-proxying)
2021-08-04 12:04:43.565  INFO 4516 --- [main] trationDelegate$BeanPostProcessorChecker : Bean '(inner bean)#bff34c6' of type [com.dtflys.forest.interceptor.SpringInterceptorFactory] is not eligible for getting processed by all BeanPostProcessors (for example: not eligible for auto-proxying)
2021-08-04 12:04:43.565  INFO 4516 --- [main] trationDelegate$BeanPostProcessorChecker : Bean 'forestConfiguration' of type [com.dtflys.forest.config.ForestConfiguration] is not eligible for getting processed by all BeanPostProcessors (for example: not eligible for auto-proxying)
2021-08-04 12:04:43.565  INFO 4516 --- [main] trationDelegate$BeanPostProcessorChecker : Bean 'forestConverterBeanListener' of type [com.dtflys.forest.listener.ConverterBeanListener] is not eligible for getting processed by all BeanPostProcessors (for example: not eligible for auto-proxying)
2021-08-04 12:04:43.582  INFO 4516 --- [main] c.d.f.scanner.ClassPathClientScanner     : [Forest] Created Forest Client Bean with name 'ncovClient' and Proxy of 'cn.hongrry.autoreport.client.NcovClient' client interface
2021-08-04 12:04:43.656  INFO 4516 --- [main] o.s.s.c.ThreadPoolTaskScheduler          : Initializing ExecutorService 'taskScheduler'
2021-08-04 12:04:43.673  INFO 4516 --- [main] c.h.autoreport.AutoReportApplication     : Started AutoReportApplication in 0.889 seconds (JVM running for 1.63)
2021-08-04 12:05:00.047  INFO 4516 --- [scheduling-1] c.d.forest.config.ForestConfiguration    : [Forest] Http Backend: okhttp3
2021-08-04 12:05:00.391  INFO 4516 --- [scheduling-1] c.d.forest.logging.DefaultLogHandler     : [Forest] Request: 
	GET https://v-xxtb.zust.edu.cn/api/Ncov2019/update_record_student?r_id=547&student_id=1190113189&state=1&is_body_ok=1&is_gl=0&is_tl=0&is_jc=0&is_2_man=0&is_family=0&user_location=1&location_province=%E8%B4%B5%E5%B7%9E%E7%9C%81&location_city=%E9%93%9C%E4%BB%81%E5%B8%82&location_country=%E5%8D%B0%E6%B1%9F%E5%9C%9F%E5%AE%B6%E6%97%8F%E8%8B%97%E6%97%8F%E8%87%AA%E6%B2%BB%E5%8E%BF&morning_state=1&morning_temperature&afternoon_state=1&is_jkm=1&longitude=108%3A40611&latitude=27%3A998192&uid=1190113189&session=WHgvaU83MG1HWjNjT1JpdlVQajFPRzV2a2RYR1Znd2cyQmxvNzdaZmVXRno4cm9ZNkp3bGlPL0s4MnFNQldOK0RteEI3bUROKzlBPQ%3D%3D HTTPS
	Headers: 
		User-Agent: Mozilla/5.0 (Windows NT 6.1; WOW64) AppleWebKit/537.36 (KHTML, like Gecko) Chrome/81.0.4044.138 Safari/537.36 NetType/WIFI MicroMessenger/7.0.20.1781(0x6700143B) WindowsWechat(0x63030073)
2021-08-04 12:05:01.096  INFO 4516 --- [scheduling-1] c.d.forest.logging.DefaultLogHandler     : [Forest] Response: Status = 200, Time = 705ms
2021-08-04 12:10:22.500  INFO 12224 --- [main] c.h.a.AutoReportApplicationTests         : Starting AutoReportApplicationTests on DESKTOP-7JBT0VI with PID 12224 (started by HONGRRY in D:\Project\Code\JAVA\Auto-Report)
2021-08-04 12:10:22.500  INFO 12224 --- [main] c.h.a.AutoReportApplicationTests         : No active profile set, falling back to default profiles: default
2021-08-04 12:10:22.869  INFO 12224 --- [main] trationDelegate$BeanPostProcessorChecker : Bean 'com.dtflys.forest.springboot.ForestAutoConfiguration' of type [com.dtflys.forest.springboot.ForestAutoConfiguration$$EnhancerBySpringCGLIB$$3f30e65a] is not eligible for getting processed by all BeanPostProcessors (for example: not eligible for auto-proxying)
2021-08-04 12:10:22.886  INFO 12224 --- [main] trationDelegate$BeanPostProcessorChecker : Bean 'forestConfigurationProperties' of type [com.dtflys.forest.springboot.properties.ForestConfigurationProperties] is not eligible for getting processed by all BeanPostProcessors (for example: not eligible for auto-proxying)
2021-08-04 12:10:23.040  INFO 12224 --- [main] trationDelegate$BeanPostProcessorChecker : Bean '(inner bean)#7f4d9395' of type [com.dtflys.forest.interceptor.SpringInterceptorFactory] is not eligible for getting processed by all BeanPostProcessors (for example: not eligible for auto-proxying)
2021-08-04 12:10:23.040  INFO 12224 --- [main] trationDelegate$BeanPostProcessorChecker : Bean 'forestConfiguration' of type [com.dtflys.forest.config.ForestConfiguration] is not eligible for getting processed by all BeanPostProcessors (for example: not eligible for auto-proxying)
2021-08-04 12:10:23.040  INFO 12224 --- [main] trationDelegate$BeanPostProcessorChecker : Bean 'forestConverterBeanListener' of type [com.dtflys.forest.listener.ConverterBeanListener] is not eligible for getting processed by all BeanPostProcessors (for example: not eligible for auto-proxying)
2021-08-04 12:10:23.057  INFO 12224 --- [main] c.d.f.scanner.ClassPathClientScanner     : [Forest] Created Forest Client Bean with name 'ncovClient' and Proxy of 'cn.hongrry.autoreport.client.NcovClient' client interface
2021-08-04 12:10:23.215  INFO 12224 --- [main] o.s.s.c.ThreadPoolTaskScheduler          : Initializing ExecutorService 'taskScheduler'
2021-08-04 12:10:23.230  INFO 12224 --- [main] c.h.a.AutoReportApplicationTests         : Started AutoReportApplicationTests in 1.011 seconds (JVM running for 2.018)
2021-08-04 12:10:23.488  INFO 12224 --- [main] c.d.forest.config.ForestConfiguration    : [Forest] Http Backend: okhttp3
2021-08-04 12:10:24.174  INFO 12224 --- [main] c.d.forest.logging.DefaultLogHandler     : [Forest] Request: 
	GET https://v-xxtb.zust.edu.cn/api/Ncov2019/update_record_student?r_id=547&student_id=1190113189&state=1&is_body_ok=1&is_gl=0&is_tl=0&is_jc=0&is_2_man=0&is_family=0&user_location=1&location_province=%E8%B4%B5%E5%B7%9E%E7%9C%81&location_city=%E9%93%9C%E4%BB%81%E5%B8%82&location_country=%E5%8D%B0%E6%B1%9F%E5%9C%9F%E5%AE%B6%E6%97%8F%E8%8B%97%E6%97%8F%E8%87%AA%E6%B2%BB%E5%8E%BF&morning_state=1&morning_temperature&afternoon_state=1&is_jkm=1&longitude=108%3A40611&latitude=27%3A998192&uid=1190113189&session=WHgvaU83MG1HWjNjT1JpdlVQajFPRzV2a2RYR1Znd2cyQmxvNzdaZmVXRno4cm9ZNkp3bGlPL0s4MnFNQldOK0RteEI3bUROKzlBPQ%3D%3D HTTPS
	Headers: 
		User-Agent: Mozilla/5.0 (Windows NT 6.1; WOW64) AppleWebKit/537.36 (KHTML, like Gecko) Chrome/81.0.4044.138 Safari/537.36 NetType/WIFI MicroMessenger/7.0.20.1781(0x6700143B) WindowsWechat(0x63030073)
2021-08-04 12:10:25.077  INFO 12224 --- [main] c.d.forest.logging.DefaultLogHandler     : [Forest] Response: Status = 200, Time = 902ms
2021-08-04 12:10:25.095  INFO 12224 --- [SpringContextShutdownHook] o.s.s.c.ThreadPoolTaskScheduler          : Shutting down ExecutorService 'taskScheduler'
2021-08-04 13:03:02.830  INFO 13036 --- [main] c.h.a.AutoReportApplicationTests         : Starting AutoReportApplicationTests on DESKTOP-7JBT0VI with PID 13036 (started by HONGRRY in D:\Project\Code\JAVA\Auto-Report)
2021-08-04 13:03:02.832  INFO 13036 --- [main] c.h.a.AutoReportApplicationTests         : No active profile set, falling back to default profiles: default
2021-08-04 13:03:03.222  INFO 13036 --- [main] trationDelegate$BeanPostProcessorChecker : Bean 'com.dtflys.forest.springboot.ForestAutoConfiguration' of type [com.dtflys.forest.springboot.ForestAutoConfiguration$$EnhancerBySpringCGLIB$$c7410205] is not eligible for getting processed by all BeanPostProcessors (for example: not eligible for auto-proxying)
2021-08-04 13:03:03.248  INFO 13036 --- [main] trationDelegate$BeanPostProcessorChecker : Bean 'forestConfigurationProperties' of type [com.dtflys.forest.springboot.properties.ForestConfigurationProperties] is not eligible for getting processed by all BeanPostProcessors (for example: not eligible for auto-proxying)
2021-08-04 13:03:03.382  INFO 13036 --- [main] trationDelegate$BeanPostProcessorChecker : Bean '(inner bean)#676f0a60' of type [com.dtflys.forest.interceptor.SpringInterceptorFactory] is not eligible for getting processed by all BeanPostProcessors (for example: not eligible for auto-proxying)
2021-08-04 13:03:03.384  INFO 13036 --- [main] trationDelegate$BeanPostProcessorChecker : Bean 'forestConfiguration' of type [com.dtflys.forest.config.ForestConfiguration] is not eligible for getting processed by all BeanPostProcessors (for example: not eligible for auto-proxying)
2021-08-04 13:03:03.387  INFO 13036 --- [main] trationDelegate$BeanPostProcessorChecker : Bean 'forestConverterBeanListener' of type [com.dtflys.forest.listener.ConverterBeanListener] is not eligible for getting processed by all BeanPostProcessors (for example: not eligible for auto-proxying)
2021-08-04 13:03:03.401  INFO 13036 --- [main] c.d.f.scanner.ClassPathClientScanner     : [Forest] Created Forest Client Bean with name 'ncovClient' and Proxy of 'cn.hongrry.autoreport.client.NcovClient' client interface
2021-08-04 13:03:03.541  INFO 13036 --- [main] o.s.s.c.ThreadPoolTaskScheduler          : Initializing ExecutorService 'taskScheduler'
2021-08-04 13:03:03.558  INFO 13036 --- [main] c.h.a.AutoReportApplicationTests         : Started AutoReportApplicationTests in 1.014 seconds (JVM running for 2.159)
2021-08-04 13:03:03.795  INFO 13036 --- [main] c.d.forest.config.ForestConfiguration    : [Forest] Http Backend: okhttp3
2021-08-04 13:03:04.474  INFO 13036 --- [main] c.d.forest.logging.DefaultLogHandler     : [Forest] Request: 
	GET https://v-xxtb.zust.edu.cn/api/Ncov2019/update_record_student?r_id=547&student_id=1190113189&state=1&is_body_ok=1&is_gl=0&is_tl=0&is_jc=0&is_2_man=0&is_family=0&user_location=1&location_province=%E8%B4%B5%E5%B7%9E%E7%9C%81&location_city=%E9%93%9C%E4%BB%81%E5%B8%82&location_country=%E5%8D%B0%E6%B1%9F%E5%9C%9F%E5%AE%B6%E6%97%8F%E8%8B%97%E6%97%8F%E8%87%AA%E6%B2%BB%E5%8E%BF&morning_state=1&morning_temperature&afternoon_state=1&is_jkm=1&longitude=108%3A40611&latitude=27%3A998192&uid=1190113189&session=T0hsZnVYcTg5YUtKRHlFcGpiekE4RnFSUTNWT2VnelFtQ1hMNDhOd2YzN29KQXRicm5zakFwSXlLWVRFcHJsTkRteEI3bUROKzlBPQ%3D%3D HTTPS
	Headers: 
		User-Agent: Mozilla/5.0 (Windows NT 6.1; WOW64) AppleWebKit/537.36 (KHTML, like Gecko) Chrome/81.0.4044.138 Safari/537.36 NetType/WIFI MicroMessenger/7.0.20.1781(0x6700143B) WindowsWechat(0x63030073)
2021-08-04 13:03:05.006  INFO 13036 --- [scheduling-1] c.d.forest.logging.DefaultLogHandler     : [Forest] Request: 
	GET https://v-xxtb.zust.edu.cn/api/backschool/get_student_school_code?session=T0hsZnVYcTg5YUtKRHlFcGpiekE4RnFSUTNWT2VnelFtQ1hMNDhOd2YzN29KQXRicm5zakFwSXlLWVRFcHJsTkRteEI3bUROKzlBPQ%3D%3D&student_id=1190113189 HTTPS
2021-08-04 13:03:05.208  INFO 13036 --- [main] c.d.forest.logging.DefaultLogHandler     : [Forest] Response: Status = 200, Time = 730ms
2021-08-04 13:03:05.240  INFO 13036 --- [SpringContextShutdownHook] o.s.s.c.ThreadPoolTaskScheduler          : Shutting down ExecutorService 'taskScheduler'
2021-08-04 13:03:17.245  INFO 14908 --- [main] c.h.autoreport.AutoReportApplication     : Starting AutoReportApplication on DESKTOP-7JBT0VI with PID 14908 (D:\Project\Code\JAVA\Auto-Report\target\classes started by HONGRRY in D:\Project\Code\JAVA\Auto-Report)
2021-08-04 13:03:17.247  INFO 14908 --- [main] c.h.autoreport.AutoReportApplication     : No active profile set, falling back to default profiles: default
2021-08-04 13:03:17.771  INFO 14908 --- [main] trationDelegate$BeanPostProcessorChecker : Bean 'com.dtflys.forest.springboot.ForestAutoConfiguration' of type [com.dtflys.forest.springboot.ForestAutoConfiguration$$EnhancerBySpringCGLIB$$3ad9eb33] is not eligible for getting processed by all BeanPostProcessors (for example: not eligible for auto-proxying)
2021-08-04 13:03:17.814  INFO 14908 --- [main] trationDelegate$BeanPostProcessorChecker : Bean 'forestConfigurationProperties' of type [com.dtflys.forest.springboot.properties.ForestConfigurationProperties] is not eligible for getting processed by all BeanPostProcessors (for example: not eligible for auto-proxying)
2021-08-04 13:03:17.963  INFO 14908 --- [main] trationDelegate$BeanPostProcessorChecker : Bean '(inner bean)#278bb07e' of type [com.dtflys.forest.interceptor.SpringInterceptorFactory] is not eligible for getting processed by all BeanPostProcessors (for example: not eligible for auto-proxying)
2021-08-04 13:03:17.965  INFO 14908 --- [main] trationDelegate$BeanPostProcessorChecker : Bean 'forestConfiguration' of type [com.dtflys.forest.config.ForestConfiguration] is not eligible for getting processed by all BeanPostProcessors (for example: not eligible for auto-proxying)
2021-08-04 13:03:17.970  INFO 14908 --- [main] trationDelegate$BeanPostProcessorChecker : Bean 'forestConverterBeanListener' of type [com.dtflys.forest.listener.ConverterBeanListener] is not eligible for getting processed by all BeanPostProcessors (for example: not eligible for auto-proxying)
2021-08-04 13:03:17.990  INFO 14908 --- [main] c.d.f.scanner.ClassPathClientScanner     : [Forest] Created Forest Client Bean with name 'ncovClient' and Proxy of 'cn.hongrry.autoreport.client.NcovClient' client interface
2021-08-04 13:03:18.110  INFO 14908 --- [main] o.s.s.c.ThreadPoolTaskScheduler          : Initializing ExecutorService 'taskScheduler'
2021-08-04 13:03:18.128  INFO 14908 --- [main] c.h.autoreport.AutoReportApplication     : Started AutoReportApplication in 1.39 seconds (JVM running for 2.551)
2021-08-04 13:03:20.019  INFO 14908 --- [scheduling-1] c.d.forest.config.ForestConfiguration    : [Forest] Http Backend: okhttp3
2021-08-04 13:03:20.371  INFO 14908 --- [scheduling-1] c.d.forest.logging.DefaultLogHandler     : [Forest] Request: 
	GET https://v-xxtb.zust.edu.cn/api/backschool/get_student_school_code?session=T0hsZnVYcTg5YUtKRHlFcGpiekE4RnFSUTNWT2VnelFtQ1hMNDhOd2YzN29KQXRicm5zakFwSXlLWVRFcHJsTkRteEI3bUROKzlBPQ%3D%3D&student_id=1190113189 HTTPS
2021-08-04 13:03:21.072  INFO 14908 --- [scheduling-1] c.d.forest.logging.DefaultLogHandler     : [Forest] Response: Status = 200, Time = 698ms
2021-08-04 13:03:21.097  INFO 14908 --- [scheduling-1] c.h.autoreport.scheduler.Scheduler       : session 正常
2021-08-04 13:03:25.012  INFO 14908 --- [scheduling-1] c.d.forest.logging.DefaultLogHandler     : [Forest] Request: 
	GET https://v-xxtb.zust.edu.cn/api/backschool/get_student_school_code?session=T0hsZnVYcTg5YUtKRHlFcGpiekE4RnFSUTNWT2VnelFtQ1hMNDhOd2YzN29KQXRicm5zakFwSXlLWVRFcHJsTkRteEI3bUROKzlBPQ%3D%3D&student_id=1190113189 HTTPS
2021-08-04 13:03:25.732  INFO 14908 --- [scheduling-1] c.d.forest.logging.DefaultLogHandler     : [Forest] Response: Status = 200, Time = 718ms
2021-08-04 13:03:25.732  INFO 14908 --- [scheduling-1] c.h.autoreport.scheduler.Scheduler       : session 正常
2021-08-04 16:10:12.270  INFO 16144 --- [main] c.h.autoreport.AutoReportApplication     : Starting AutoReportApplication on DESKTOP-7JBT0VI with PID 16144 (D:\Project\Code\JAVA\Auto-Report\target\classes started by HONGRRY in D:\Project\Code\JAVA\Auto-Report)
2021-08-04 16:10:12.272  INFO 16144 --- [main] c.h.autoreport.AutoReportApplication     : No active profile set, falling back to default profiles: default
2021-08-04 16:10:12.669  INFO 16144 --- [main] trationDelegate$BeanPostProcessorChecker : Bean 'com.dtflys.forest.springboot.ForestAutoConfiguration' of type [com.dtflys.forest.springboot.ForestAutoConfiguration$$EnhancerBySpringCGLIB$$3e99d66] is not eligible for getting processed by all BeanPostProcessors (for example: not eligible for auto-proxying)
2021-08-04 16:10:12.700  INFO 16144 --- [main] trationDelegate$BeanPostProcessorChecker : Bean 'forestConfigurationProperties' of type [com.dtflys.forest.springboot.properties.ForestConfigurationProperties] is not eligible for getting processed by all BeanPostProcessors (for example: not eligible for auto-proxying)
2021-08-04 16:10:12.779  INFO 16144 --- [main] trationDelegate$BeanPostProcessorChecker : Bean '(inner bean)#7ec3394b' of type [com.dtflys.forest.interceptor.SpringInterceptorFactory] is not eligible for getting processed by all BeanPostProcessors (for example: not eligible for auto-proxying)
2021-08-04 16:10:12.780  INFO 16144 --- [main] trationDelegate$BeanPostProcessorChecker : Bean 'forestConfiguration' of type [com.dtflys.forest.config.ForestConfiguration] is not eligible for getting processed by all BeanPostProcessors (for example: not eligible for auto-proxying)
2021-08-04 16:10:12.785  INFO 16144 --- [main] trationDelegate$BeanPostProcessorChecker : Bean 'forestConverterBeanListener' of type [com.dtflys.forest.listener.ConverterBeanListener] is not eligible for getting processed by all BeanPostProcessors (for example: not eligible for auto-proxying)
2021-08-04 16:10:12.799  INFO 16144 --- [main] c.d.f.scanner.ClassPathClientScanner     : [Forest] Created Forest Client Bean with name 'ncovClient' and Proxy of 'cn.hongrry.autoreport.client.NcovClient' client interface
2021-08-04 16:10:12.940  INFO 16144 --- [main] o.s.s.c.ThreadPoolTaskScheduler          : Initializing ExecutorService 'taskScheduler'
2021-08-04 16:10:12.956  INFO 16144 --- [main] c.h.autoreport.AutoReportApplication     : Started AutoReportApplication in 0.994 seconds (JVM running for 1.833)
2021-08-04 16:10:15.013  INFO 16144 --- [scheduling-1] c.d.forest.config.ForestConfiguration    : [Forest] Http Backend: okhttp3
2021-08-04 16:10:15.355  INFO 16144 --- [scheduling-1] c.d.forest.logging.DefaultLogHandler     : [Forest] Request: 
	GET https://v-xxtb.zust.edu.cn/api/backschool/get_student_school_code?session=T0hsZnVYcTg5YUtKRHlFcGpiekE4RnFSUTNWT2VnelFtQ1hMNDhOd2YzN29KQXRicm5zakFwSXlLWVRFcHJsTkRteEI3bUROKzlBPQ%3D%3D&student_id=1190113189 HTTPS
2021-08-04 16:10:16.060  INFO 16144 --- [scheduling-1] c.d.forest.logging.DefaultLogHandler     : [Forest] Response: Status = 200, Time = 702ms
2021-08-04 16:10:19.008 ERROR 16144 --- [scheduling-1] c.h.autoreport.scheduler.Scheduler       : {code=110, message=登录失效,请重新登录}
2021-08-04 16:10:19.010  INFO 16144 --- [SpringContextShutdownHook] o.s.s.c.ThreadPoolTaskScheduler          : Shutting down ExecutorService 'taskScheduler'
